[13:09:00] [ServerMain/INFO]: Building unoptimized datafixer
[13:09:02] [ServerMain/INFO]: Environment: authHost='https://authserver.mojang.com', accountsHost='https://api.mojang.com', sessionHost='https://sessionserver.mojang.com', servicesHost='https://api.minecraftservices.com', name='PROD'
[13:09:06] [ServerMain/INFO]: Loaded 7 recipes
[13:09:07] [ServerMain/INFO]: Loaded 1179 advancements
[13:09:09] [Server thread/INFO]: Starting minecraft server version 1.19.2
[13:09:09] [Server thread/INFO]: Loading properties
[13:09:09] [Server thread/INFO]: Default game type: SURVIVAL
[13:09:09] [Server thread/INFO]: Generating keypair
[13:09:10] [Server thread/INFO]: Starting Minecraft server on *:25565
[13:09:10] [Server thread/INFO]: Using epoll channel type
[13:09:10] [Server thread/WARN]: **** SERVER IS RUNNING IN OFFLINE/INSECURE MODE!
[13:09:10] [Server thread/WARN]: The server will make no attempt to authenticate usernames. Beware.
[13:09:10] [Server thread/WARN]: While this makes the game possible to play without internet access, it also opens up the ability for hackers to connect with any username they choose.
[13:09:10] [Server thread/WARN]: To change this, set "online-mode" to "true" in the server.properties file.
[13:09:10] [Server thread/INFO]: Preparing level "world"
[13:09:29] [Server thread/INFO]: Preparing start region for dimension minecraft:overworld
[13:09:43] [Worker-Main-1/INFO]: Preparing spawn area: 0%
[13:09:43] [Worker-Main-1/INFO]: Preparing spawn area: 0%
[13:09:43] [Worker-Main-1/INFO]: Preparing spawn area: 0%
[13:09:43] [Worker-Main-1/INFO]: Preparing spawn area: 0%
[13:09:43] [Worker-Main-1/INFO]: Preparing spawn area: 0%
[13:09:43] [Worker-Main-1/INFO]: Preparing spawn area: 0%
[13:09:43] [Worker-Main-1/INFO]: Preparing spawn area: 0%
[13:09:43] [Worker-Main-1/INFO]: Preparing spawn area: 0%
[13:09:43] [Worker-Main-1/INFO]: Preparing spawn area: 0%
[13:09:43] [Worker-Main-1/INFO]: Preparing spawn area: 0%
[13:09:43] [Worker-Main-1/INFO]: Preparing spawn area: 0%
[13:09:43] [Worker-Main-1/INFO]: Preparing spawn area: 0%
[13:09:43] [Worker-Main-1/INFO]: Preparing spawn area: 0%
[13:09:43] [Worker-Main-1/INFO]: Preparing spawn area: 0%
[13:09:43] [Worker-Main-1/INFO]: Preparing spawn area: 0%
[13:09:43] [Worker-Main-1/INFO]: Preparing spawn area: 0%
[13:09:43] [Worker-Main-1/INFO]: Preparing spawn area: 0%
[13:09:43] [Worker-Main-1/INFO]: Preparing spawn area: 0%
[13:09:43] [Worker-Main-1/INFO]: Preparing spawn area: 0%
[13:09:43] [Worker-Main-1/INFO]: Preparing spawn area: 0%
[13:09:43] [Worker-Main-1/INFO]: Preparing spawn area: 0%
[13:09:43] [Worker-Main-1/INFO]: Preparing spawn area: 0%
[13:09:43] [Worker-Main-1/INFO]: Preparing spawn area: 0%
[13:09:43] [Worker-Main-1/INFO]: Preparing spawn area: 0%
[13:09:43] [Worker-Main-1/INFO]: Preparing spawn area: 0%
[13:09:43] [Worker-Main-1/INFO]: Preparing spawn area: 0%
[13:09:43] [Worker-Main-1/INFO]: Preparing spawn area: 0%
[13:09:43] [Worker-Main-1/INFO]: Preparing spawn area: 0%
[13:09:43] [Worker-Main-1/INFO]: Preparing spawn area: 0%
[13:09:44] [Worker-Main-1/INFO]: Preparing spawn area: 0%
[13:09:44] [Worker-Main-1/INFO]: Preparing spawn area: 0%
[13:09:45] [Worker-Main-1/INFO]: Preparing spawn area: 0%
[13:09:45] [Worker-Main-1/INFO]: Preparing spawn area: 0%
[13:09:46] [Worker-Main-1/INFO]: Preparing spawn area: 0%
[13:09:46] [Worker-Main-1/INFO]: Preparing spawn area: 0%
[13:09:47] [Worker-Main-1/INFO]: Preparing spawn area: 0%
[13:09:47] [Worker-Main-1/INFO]: Preparing spawn area: 0%
[13:09:48] [Worker-Main-1/INFO]: Preparing spawn area: 0%
[13:09:48] [Worker-Main-1/INFO]: Preparing spawn area: 0%
[13:09:49] [Worker-Main-1/INFO]: Preparing spawn area: 12%
[13:09:49] [Worker-Main-1/INFO]: Preparing spawn area: 85%
[13:09:50] [Server thread/INFO]: Time elapsed: 20565 ms
[13:09:50] [Server thread/INFO]: Done (39.873s)! For help, type "help"
[13:10:44] [Server thread/INFO]: dark_angel2412[/49.204.131.120:52653] logged in with entity id 86 at (-1443.891056137226, 65.17675927506424, 88.67645464636949)
[13:10:45] [Server thread/INFO]: dark_angel2412 joined the game
[13:11:13] [Server thread/INFO]: dark_angel2412 lost connection: Disconnected
[13:11:13] [Server thread/INFO]: dark_angel2412 left the game
[13:11:14] [Server thread/WARN]: Can't keep up! Is the server overloaded? Running 29481ms or 589 ticks behind
[13:11:14] [Server thread/WARN]: handleDisconnection() called twice
[13:11:14] [Server thread/INFO]: hammer0fGods[/49.205.32.75:18525] logged in with entity id 94 at (579.7657264501904, -28.823240724935765, -450.93235184346224)
[13:11:14] [Server thread/INFO]: hammer0fGods joined the game
[13:11:15] [Server thread/INFO]: IAmNotLucky[/122.183.160.151:60144] logged in with entity id 95 at (598.2092094958222, -25.0, -455.5298054457043)
[13:11:15] [Server thread/INFO]: IAmNotLucky joined the game
[13:11:24] [Server thread/INFO]: IAmNotLucky lost connection: Disconnected
[13:11:24] [Server thread/INFO]: IAmNotLucky left the game
[13:11:24] [Server thread/INFO]: com.mojang.authlib.GameProfile@15a63381[id=<null>,name=minion,properties={},legacy=false] (/117.216.192.215:65109) lost connection: Disconnected
[13:11:25] [Server thread/INFO]: dark_angel2412[/49.204.131.120:52682] logged in with entity id 102 at (-1443.891056137226, 65.17675927506424, 88.67645464636949)
[13:11:25] [Server thread/INFO]: dark_angel2412 joined the game
[13:11:26] [Server thread/INFO]: hkw492[/203.192.204.85:21333] logged in with entity id 208 at (587.4774187012257, -26.246800019478798, -453.27996631664445)
[13:11:26] [Server thread/INFO]: hkw492 joined the game
[13:11:28] [Server thread/INFO]: minion[/117.216.192.215:65117] logged in with entity id 247 at (523.0131230717948, -42.0, -361.55801553843776)
[13:11:28] [Server thread/INFO]: minion joined the game
[13:11:30] [Server thread/INFO]: IAmNotLucky[/122.183.160.151:60150] logged in with entity id 261 at (598.2092094958222, -25.0, -455.5298054457043)
[13:11:30] [Server thread/INFO]: IAmNotLucky joined the game
[13:11:42] [Server thread/WARN]: Can't keep up! Is the server overloaded? Running 13407ms or 268 ticks behind
[13:12:13] [Server thread/WARN]: Can't keep up! Is the server overloaded? Running 2005ms or 40 ticks behind
[13:12:46] [Server thread/WARN]: Can't keep up! Is the server overloaded? Running 2008ms or 40 ticks behind
[13:13:36] [Server thread/WARN]: Can't keep up! Is the server overloaded? Running 2018ms or 40 ticks behind
[13:14:24] [Server thread/WARN]: Can't keep up! Is the server overloaded? Running 2011ms or 40 ticks behind
[13:15:43] [Server thread/WARN]: Can't keep up! Is the server overloaded? Running 2022ms or 40 ticks behind
[13:16:27] [Server thread/INFO]: hkw492 tried to swim in lava
[13:16:36] [Server thread/WARN]: Can't keep up! Is the server overloaded? Running 2060ms or 41 ticks behind
[13:16:52] [Server thread/INFO]: [hammer0fGods: Teleported hkw492 to hammer0fGods]
[13:16:55] [Server thread/WARN]: Can't keep up! Is the server overloaded? Running 4241ms or 84 ticks behind
[13:17:27] [Server thread/WARN]: Can't keep up! Is the server overloaded? Running 2002ms or 40 ticks behind
[13:18:51] [Server thread/WARN]: Can't keep up! Is the server overloaded? Running 2746ms or 54 ticks behind
[13:19:08] [Server thread/INFO]: dark_angel2412 was killed by Witch using magic
[13:19:15] [Server thread/INFO]: minion was slain by Zombie
[13:19:29] [Server thread/INFO]: [hammer0fGods: Teleported minion to hammer0fGods]
[13:19:41] [Server thread/INFO]: [hammer0fGods: Teleported hammer0fGods to dark_angel2412]
[13:19:49] [Server thread/INFO]: [hammer0fGods: Teleported dark_angel2412 to hammer0fGods]
[13:20:33] [Server thread/INFO]: [hammer0fGods: Teleported hammer0fGods to hkw492]
[13:20:33] [Server thread/WARN]: hammer0fGods moved too quickly! 1798.527836719111,-90.0,-173.58478237091543
[13:20:55] [Server thread/INFO]: dark_angel2412 was killed by Witch using magic
[13:21:30] [Server thread/INFO]: [hammer0fGods: Teleported hammer0fGods to dark_angel2412]
[13:21:42] [Server thread/WARN]: Can't keep up! Is the server overloaded? Running 2052ms or 41 ticks behind
[13:22:04] [Server thread/WARN]: Can't keep up! Is the server overloaded? Running 6501ms or 130 ticks behind
[13:22:26] [Server thread/WARN]: Can't keep up! Is the server overloaded? Running 7563ms or 151 ticks behind
[13:22:37] [Server thread/INFO]: [hammer0fGods: Teleported dark_angel2412 to hammer0fGods]
[13:22:49] [Server thread/WARN]: Can't keep up! Is the server overloaded? Running 7799ms or 155 ticks behind
[13:23:08] [Server thread/WARN]: Can't keep up! Is the server overloaded? Running 4043ms or 80 ticks behind
[13:24:22] [Server thread/WARN]: Can't keep up! Is the server overloaded? Running 44427ms or 888 ticks behind
[13:25:47] [Server thread/INFO]: minion lost connection: Disconnected
[13:25:48] [Server thread/INFO]: minion left the game
[13:25:48] [Server Watchdog/ERROR]: A single server tick took 62.59 seconds (should be max 0.05)
[13:26:02] [Server Watchdog/ERROR]: Considering it to be crashed, server will forcibly shutdown.
[13:26:26] [Server thread/INFO]: IAmNotLucky lost connection: Disconnected
[13:26:26] [Server console handler/ERROR]: Exception handling console input
java.io.IOException: Input/output error
	at java.io.FileInputStream.readBytes(Native Method) ~[?:?]
	at java.io.FileInputStream.read(FileInputStream.java:276) ~[?:?]
	at java.io.BufferedInputStream.read1(BufferedInputStream.java:282) ~[?:?]
	at java.io.BufferedInputStream.read(BufferedInputStream.java:343) ~[?:?]
	at sun.nio.cs.StreamDecoder.readBytes(StreamDecoder.java:270) ~[?:?]
	at sun.nio.cs.StreamDecoder.implRead(StreamDecoder.java:313) ~[?:?]
	at sun.nio.cs.StreamDecoder.read(StreamDecoder.java:188) ~[?:?]
	at java.io.InputStreamReader.read(InputStreamReader.java:177) ~[?:?]
	at java.io.BufferedReader.fill(BufferedReader.java:162) ~[?:?]
	at java.io.BufferedReader.readLine(BufferedReader.java:329) ~[?:?]
	at java.io.BufferedReader.readLine(BufferedReader.java:396) ~[?:?]
	at afh$1.run(SourceFile:92) [server-1.19.2.jar:?]
